e:\document\robot3d\melfamodel\x64\debug\link1.obj
e:\document\robot3d\melfamodel\x64\debug\link4.obj
e:\document\robot3d\melfamodel\x64\debug\openglwindow.obj
e:\document\robot3d\melfamodel\x64\debug\guiwindow.obj
e:\document\robot3d\melfamodel\x64\debug\main.obj
e:\document\robot3d\melfamodel\x64\debug\link3.obj
e:\document\robot3d\melfamodel\x64\debug\link5.obj
e:\document\robot3d\melfamodel\x64\debug\modelloader.obj
e:\document\robot3d\melfamodel\x64\debug\link2.obj
e:\document\robot3d\melfamodel\x64\debug\link6.obj
e:\document\robot3d\melfamodel\x64\debug\vc140.pdb
e:\document\robot3d\melfamodel\x64\debug\moc_guiwindow.obj
e:\document\robot3d\melfamodel\x64\debug\qrc_shaders.obj
e:\document\robot3d\melfamodel\x64\debug\moc_openglwindow.obj
e:\document\robot3d\melfamodel\ui_guiwindow.h
e:\document\robot3d\melfamodel\debug\qrc_shaders.cpp
e:\document\robot3d\melfamodel\debug\moc_guiwindow.cpp
e:\document\robot3d\melfamodel\debug\moc_openglwindow.cpp
e:\document\robot3d\melfamodel\x64\debug\melfamodel.tlog\cl.command.1.tlog
e:\document\robot3d\melfamodel\x64\debug\melfamodel.tlog\cl.read.1.tlog
e:\document\robot3d\melfamodel\x64\debug\melfamodel.tlog\cl.write.1.tlog
e:\document\robot3d\melfamodel\x64\debug\melfamodel.tlog\link-cvtres.read.1.tlog
e:\document\robot3d\melfamodel\x64\debug\melfamodel.tlog\link-cvtres.write.1.tlog
e:\document\robot3d\melfamodel\x64\debug\melfamodel.tlog\link-rc.read.1.tlog
e:\document\robot3d\melfamodel\x64\debug\melfamodel.tlog\link-rc.write.1.tlog
e:\document\robot3d\melfamodel\x64\debug\melfamodel.tlog\link.command.1.tlog
e:\document\robot3d\melfamodel\x64\debug\melfamodel.tlog\link.read.1.tlog
e:\document\robot3d\melfamodel\x64\debug\melfamodel.tlog\link.write.1.tlog
e:\document\robot3d\melfamodel\x64\debug\melfamodel.tlog\melfamodel.write.1u.tlog
e:\document\robot3d\melfamodel\x64\debug\melfamodel.tlog\moc.read.1u.tlog
e:\document\robot3d\melfamodel\x64\debug\melfamodel.tlog\moc.write.1u.tlog
e:\document\robot3d\melfamodel\x64\debug\melfamodel.tlog\rcc.read.1u.tlog
e:\document\robot3d\melfamodel\x64\debug\melfamodel.tlog\rcc.write.1u.tlog
e:\document\robot3d\melfamodel\x64\debug\melfamodel.tlog\uic.read.1u.tlog
e:\document\robot3d\melfamodel\x64\debug\melfamodel.tlog\uic.write.1u.tlog
