f:\hanh_nhi\final_project\luan_van\8-7_phucnam\robot3d- working\melfamodel\debug\link1.obj
f:\hanh_nhi\final_project\luan_van\8-7_phucnam\robot3d- working\melfamodel\debug\link4.obj
f:\hanh_nhi\final_project\luan_van\8-7_phucnam\robot3d- working\melfamodel\debug\main.obj
f:\hanh_nhi\final_project\luan_van\8-7_phucnam\robot3d- working\melfamodel\debug\link2.obj
f:\hanh_nhi\final_project\luan_van\8-7_phucnam\robot3d- working\melfamodel\debug\link5.obj
f:\hanh_nhi\final_project\luan_van\8-7_phucnam\robot3d- working\melfamodel\debug\modelloader.obj
f:\hanh_nhi\final_project\luan_van\8-7_phucnam\robot3d- working\melfamodel\debug\link3.obj
f:\hanh_nhi\final_project\luan_van\8-7_phucnam\robot3d- working\melfamodel\debug\link6.obj
f:\hanh_nhi\final_project\luan_van\8-7_phucnam\robot3d- working\melfamodel\debug\openglwindow.obj
f:\hanh_nhi\final_project\luan_van\8-7_phucnam\robot3d- working\melfamodel\debug\guiwindow.obj
f:\hanh_nhi\final_project\luan_van\8-7_phucnam\robot3d- working\melfamodel\debug\robotcontroll.obj
f:\hanh_nhi\final_project\luan_van\8-7_phucnam\robot3d- working\melfamodel\debug\vc140.pdb
f:\hanh_nhi\final_project\luan_van\8-7_phucnam\robot3d- working\melfamodel\debug\moc_robotcontroll.obj
f:\hanh_nhi\final_project\luan_van\8-7_phucnam\robot3d- working\melfamodel\debug\moc_openglwindow.obj
f:\hanh_nhi\final_project\luan_van\8-7_phucnam\robot3d- working\melfamodel\debug\moc_guiwindow.obj
f:\hanh_nhi\final_project\luan_van\8-7_phucnam\robot3d- working\melfamodel\debug\qrc_shaders.obj
f:\hanh_nhi\final_project\luan_van\8-7_phucnam\robot3d- working\melfamodel\debug\melfamodel.ilk
f:\hanh_nhi\final_project\luan_van\8-7_phucnam\robot3d- working\melfamodel\debug\melfamodel.exe
f:\hanh_nhi\final_project\luan_van\8-7_phucnam\robot3d- working\melfamodel\debug\melfamodel.pdb
f:\hanh_nhi\final_project\luan_van\8-7_phucnam\robot3d- working\melfamodel\ui_guiwindow.h
f:\hanh_nhi\final_project\luan_van\8-7_phucnam\robot3d- working\melfamodel\debug\qrc_shaders.cpp
f:\hanh_nhi\final_project\luan_van\8-7_phucnam\robot3d- working\melfamodel\debug\moc_robotcontroll.cpp
f:\hanh_nhi\final_project\luan_van\8-7_phucnam\robot3d- working\melfamodel\debug\moc_guiwindow.cpp
f:\hanh_nhi\final_project\luan_van\8-7_phucnam\robot3d- working\melfamodel\debug\moc_openglwindow.cpp
f:\hanh_nhi\final_project\luan_van\8-7_phucnam(pickandhold_1object)\robot3d- working\melfamodel\debug\guiwindow.obj
f:\hanh_nhi\final_project\luan_van\8-7_phucnam(pickandhold_1object)\robot3d- working\melfamodel\debug\link1.obj
f:\hanh_nhi\final_project\luan_van\8-7_phucnam(pickandhold_1object)\robot3d- working\melfamodel\debug\link2.obj
f:\hanh_nhi\final_project\luan_van\8-7_phucnam(pickandhold_1object)\robot3d- working\melfamodel\debug\link3.obj
f:\hanh_nhi\final_project\luan_van\8-7_phucnam(pickandhold_1object)\robot3d- working\melfamodel\debug\link4.obj
f:\hanh_nhi\final_project\luan_van\8-7_phucnam(pickandhold_1object)\robot3d- working\melfamodel\debug\link5.obj
f:\hanh_nhi\final_project\luan_van\8-7_phucnam(pickandhold_1object)\robot3d- working\melfamodel\debug\link6.obj
f:\hanh_nhi\final_project\luan_van\8-7_phucnam(pickandhold_1object)\robot3d- working\melfamodel\debug\main.obj
f:\hanh_nhi\final_project\luan_van\8-7_phucnam(pickandhold_1object)\robot3d- working\melfamodel\debug\moc_guiwindow.obj
f:\hanh_nhi\final_project\luan_van\8-7_phucnam(pickandhold_1object)\robot3d- working\melfamodel\debug\moc_openglwindow.obj
f:\hanh_nhi\final_project\luan_van\8-7_phucnam(pickandhold_1object)\robot3d- working\melfamodel\debug\moc_robotcontroll.obj
f:\hanh_nhi\final_project\luan_van\8-7_phucnam(pickandhold_1object)\robot3d- working\melfamodel\debug\modelloader.obj
f:\hanh_nhi\final_project\luan_van\8-7_phucnam(pickandhold_1object)\robot3d- working\melfamodel\debug\openglwindow.obj
f:\hanh_nhi\final_project\luan_van\8-7_phucnam(pickandhold_1object)\robot3d- working\melfamodel\debug\qrc_shaders.obj
f:\hanh_nhi\final_project\luan_van\8-7_phucnam(pickandhold_1object)\robot3d- working\melfamodel\debug\robotcontroll.obj
f:\hanh_nhi\final_project\luan_van\8-7_phucnam(pickandhold_1object)\robot3d- working\melfamodel\debug\melfamodel.ilk
f:\hanh_nhi\final_project\luan_van\8-7_phucnam(pickandhold_1object)\robot3d- working\melfamodel\debug\melfamodel.pdb
f:\hanh_nhi\final_project\luan_van\8-7_phucnam(pickandhold_1object)\robot3d- working\melfamodel\debug\vc140.pdb
f:\hanh_nhi\final_project\luan_van\8-7_phucnam(pickandhold_1object)\robot3d- working\melfamodel\debug\melfamodel.exe
f:\hanh_nhi\final_project\luan_van\8-7_phucnam(pickandhold_1object)\robot3d- working\melfamodel\debug\melfamodel.tlog\cl.command.1.tlog
f:\hanh_nhi\final_project\luan_van\8-7_phucnam(pickandhold_1object)\robot3d- working\melfamodel\debug\melfamodel.tlog\cl.read.1.tlog
f:\hanh_nhi\final_project\luan_van\8-7_phucnam(pickandhold_1object)\robot3d- working\melfamodel\debug\melfamodel.tlog\cl.write.1.tlog
f:\hanh_nhi\final_project\luan_van\8-7_phucnam(pickandhold_1object)\robot3d- working\melfamodel\debug\melfamodel.tlog\link.command.1.tlog
f:\hanh_nhi\final_project\luan_van\8-7_phucnam(pickandhold_1object)\robot3d- working\melfamodel\debug\melfamodel.tlog\link.read.1.tlog
f:\hanh_nhi\final_project\luan_van\8-7_phucnam(pickandhold_1object)\robot3d- working\melfamodel\debug\melfamodel.tlog\link.write.1.tlog
f:\hanh_nhi\final_project\luan_van\8-7_phucnam(pickandhold_1object)\robot3d- working\melfamodel\debug\melfamodel.tlog\melfamodel.write.1u.tlog
f:\hanh_nhi\final_project\luan_van\8-7_phucnam(pickandhold_1object)\robot3d- working\melfamodel\debug\melfamodel.tlog\moc.read.1u.tlog
f:\hanh_nhi\final_project\luan_van\8-7_phucnam(pickandhold_1object)\robot3d- working\melfamodel\debug\melfamodel.tlog\moc.write.1u.tlog
f:\hanh_nhi\final_project\luan_van\8-7_phucnam(pickandhold_1object)\robot3d- working\melfamodel\debug\melfamodel.tlog\rcc.read.1u.tlog
f:\hanh_nhi\final_project\luan_van\8-7_phucnam(pickandhold_1object)\robot3d- working\melfamodel\debug\melfamodel.tlog\rcc.write.1u.tlog
f:\hanh_nhi\final_project\luan_van\8-7_phucnam(pickandhold_1object)\robot3d- working\melfamodel\debug\melfamodel.tlog\uic.read.1u.tlog
f:\hanh_nhi\final_project\luan_van\8-7_phucnam(pickandhold_1object)\robot3d- working\melfamodel\debug\melfamodel.tlog\uic.write.1u.tlog
